Apple added to blender
Blendig ......
blender Info{volume=15.0, rgbColor=(0, 255, 0)}Total Calories = 60.0
Banana added to blender
Blendig ......
blender Info{volume=20.0, rgbColor=(0, 127, 127)}Total Calories = 140.0
Apple added to blender
milk added to blender
Blendig ......
blender Info{volume=215.0, rgbColor=(127, 255, 127)}Total Calories = 260.0
Pouring .....
[Cup contents]- Total capacity: 400.0- Mixture volume: 215.0- Mixture calories: 260.0- Mixture color: (127, 255, 127)
Exiting.......
Apple added to blender
milk added to blender
Blendig ......
blender Info{volume=215.0, rgbColor=(127, 255, 127)}Total Calories = 260.0
Pouring .....
[Cup contents]- Total capacity: 300.0- Mixture volume: 215.0- Mixture calories: 260.0- Mixture color: (127, 255, 127)
Blendig ......
blender InfoTotal Calories = 0.0
Blendig ......
blender InfoTotal Calories = 0.0
milk added to blender
Blendig ......
blender Info{volume=200.0, rgbColor=(255, 255, 255)}Total Calories = 200.0
